TN:
SF:app/lib/api/auth.ts
FN:9,resolveAuth
FN:29,resolveAuthAdmin
FNF:2
FNH:2
FNDA:8,resolveAuth
FNDA:2,resolveAuthAdmin
DA:1,1
DA:2,1
DA:3,1
DA:9,6
DA:10,8
DA:11,8
DA:13,8
DA:14,3
DA:17,5
DA:18,5
DA:19,2
DA:22,3
DA:29,2
DA:30,2
DA:31,2
DA:33,1
DA:34,1
LF:17
LH:17
BRDA:13,0,0,3
BRDA:13,0,1,5
BRDA:13,1,0,8
BRDA:13,1,1,6
BRDA:18,2,0,2
BRDA:18,2,1,3
BRDA:22,3,0,3
BRDA:22,3,1,1
BRDA:22,4,0,3
BRDA:22,4,1,0
BRDA:31,5,0,1
BRDA:31,5,1,1
BRF:12
BRH:11
end_of_record
TN:
SF:app/lib/api/errors.ts
FN:3,handleRouteError
FNF:1
FNH:1
FNDA:4,handleRouteError
DA:1,1
DA:3,4
DA:4,4
DA:5,2
DA:8,2
DA:10,2
LF:6
LH:6
BRDA:4,0,0,2
BRDA:4,0,1,2
BRDA:5,1,0,1
BRDA:5,1,1,1
BRDA:5,2,0,2
BRDA:5,2,1,1
BRF:6
BRH:6
end_of_record
TN:
SF:app/lib/api/index.ts
FNF:0
FNH:0
DA:1,0
DA:2,0
DA:3,0
DA:4,0
LF:4
LH:0
BRF:0
BRH:0
end_of_record
TN:
SF:app/lib/api/integrations.ts
FN:85,(anonymous_1)
FN:107,(anonymous_2)
FN:115,(anonymous_3)
FN:141,(anonymous_4)
FN:167,(anonymous_5)
FN:185,(anonymous_6)
FNF:6
FNH:0
FNDA:0,(anonymous_1)
FNDA:0,(anonymous_2)
FNDA:0,(anonymous_3)
FNDA:0,(anonymous_4)
FNDA:0,(anonymous_5)
FNDA:0,(anonymous_6)
DA:3,0
DA:5,0
DA:81,0
DA:86,0
DA:87,0
DA:88,0
DA:92,0
DA:96,0
DA:98,0
DA:99,0
DA:108,0
DA:109,0
DA:119,0
DA:123,0
DA:124,0
DA:130,0
DA:131,0
DA:133,0
DA:134,0
DA:145,0
DA:149,0
DA:150,0
DA:156,0
DA:157,0
DA:159,0
DA:160,0
DA:168,0
DA:169,0
DA:170,0
DA:175,0
DA:177,0
DA:178,0
DA:186,0
DA:187,0
DA:188,0
DA:192,0
DA:196,0
DA:198,0
DA:199,0
LF:39
LH:0
BRDA:185,0,0,0
BRF:1
BRH:0
end_of_record
TN:
SF:app/lib/api/payroll.ts
FN:29,(anonymous_1)
FN:61,(anonymous_2)
FN:67,(anonymous_3)
FN:87,(anonymous_4)
FN:117,(anonymous_5)
FN:158,(anonymous_6)
FN:198,(anonymous_7)
FNF:7
FNH:0
FNDA:0,(anonymous_1)
FNDA:0,(anonymous_2)
FNDA:0,(anonymous_3)
FNDA:0,(anonymous_4)
FNDA:0,(anonymous_5)
FNDA:0,(anonymous_6)
FNDA:0,(anonymous_7)
DA:2,0
DA:25,0
DA:30,0
DA:32,0
DA:33,0
DA:34,0
DA:35,0
DA:37,0
DA:38,0
DA:39,0
DA:41,0
DA:45,0
DA:49,0
DA:51,0
DA:54,0
DA:62,0
DA:64,0
DA:66,0
DA:67,0
DA:69,0
DA:70,0
DA:73,0
DA:74,0
DA:76,0
DA:80,0
DA:88,0
DA:90,0
DA:91,0
DA:97,0
DA:98,0
DA:101,0
DA:105,0
DA:107,0
DA:110,0
DA:118,0
DA:120,0
DA:121,0
DA:122,0
DA:127,0
DA:128,0
DA:133,0
DA:134,0
DA:135,0
DA:136,0
DA:139,0
DA:140,0
DA:141,0
DA:143,0
DA:146,0
DA:150,0
DA:159,0
DA:161,0
DA:162,0
DA:168,0
DA:170,0
DA:175,0
DA:181,0
DA:185,0
DA:187,0
DA:191,0
DA:199,0
DA:201,0
DA:202,0
DA:207,0
DA:208,0
DA:210,0
DA:214,0
LF:67
LH:0
BRDA:33,0,0,0
BRDA:33,0,1,0
BRDA:34,1,0,0
BRDA:34,1,1,0
BRDA:35,2,0,0
BRDA:35,2,1,0
BRDA:46,3,0,0
BRDA:46,3,1,0
BRDA:49,4,0,0
BRDA:49,4,1,0
BRDA:69,5,0,0
BRDA:69,5,1,0
BRDA:97,6,0,0
BRDA:97,6,1,0
BRDA:121,7,0,0
BRDA:121,7,1,0
BRDA:127,8,0,0
BRDA:127,8,1,0
BRDA:135,9,0,0
BRDA:135,9,1,0
BRDA:136,10,0,0
BRDA:136,10,1,0
BRDA:136,11,0,0
BRDA:136,11,1,0
BRDA:139,12,0,0
BRDA:139,12,1,0
BRDA:139,13,0,0
BRDA:139,13,1,0
BRDA:168,14,0,0
BRDA:168,14,1,0
BRDA:168,15,0,0
BRDA:168,15,1,0
BRDA:172,16,0,0
BRDA:172,16,1,0
BRDA:172,16,2,0
BRDA:178,17,0,0
BRDA:178,17,1,0
BRF:37
BRH:0
end_of_record
TN:
SF:app/lib/api/quotes.ts
FN:15,(anonymous_4)
FN:33,(anonymous_5)
FN:79,(anonymous_6)
FN:99,(anonymous_7)
FN:119,(anonymous_8)
FN:131,(anonymous_9)
FN:137,(anonymous_10)
FN:148,(anonymous_11)
FN:159,(anonymous_12)
FN:167,(anonymous_13)
FN:175,(anonymous_14)
FN:183,(anonymous_15)
FN:194,(anonymous_16)
FN:205,(anonymous_17)
FN:212,(anonymous_18)
FN:222,(anonymous_19)
FN:230,(anonymous_20)
FNF:17
FNH:0
FNDA:0,(anonymous_4)
FNDA:0,(anonymous_5)
FNDA:0,(anonymous_6)
FNDA:0,(anonymous_7)
FNDA:0,(anonymous_8)
FNDA:0,(anonymous_9)
FNDA:0,(anonymous_10)
FNDA:0,(anonymous_11)
FNDA:0,(anonymous_12)
FNDA:0,(anonymous_13)
FNDA:0,(anonymous_14)
FNDA:0,(anonymous_15)
FNDA:0,(anonymous_16)
FNDA:0,(anonymous_17)
FNDA:0,(anonymous_18)
FNDA:0,(anonymous_19)
FNDA:0,(anonymous_20)
DA:2,0
DA:13,0
DA:16,0
DA:17,0
DA:18,0
DA:19,0
DA:20,0
DA:21,0
DA:23,0
DA:26,0
DA:34,0
DA:36,0
DA:37,0
DA:38,0
DA:39,0
DA:42,0
DA:43,0
DA:44,0
DA:46,0
DA:50,0
DA:51,0
DA:52,0
DA:56,0
DA:59,0
DA:66,0
DA:68,0
DA:74,0
DA:80,0
DA:82,0
DA:88,0
DA:90,0
DA:95,0
DA:100,0
DA:102,0
DA:108,0
DA:110,0
DA:115,0
DA:120,0
DA:122,0
DA:127,0
DA:132,0
DA:133,0
DA:138,0
DA:143,0
DA:144,0
DA:149,0
DA:154,0
DA:155,0
DA:160,0
DA:168,0
DA:176,0
DA:184,0
DA:189,0
DA:190,0
DA:195,0
DA:200,0
DA:201,0
DA:206,0
DA:211,0
DA:213,0
DA:214,0
DA:215,0
DA:218,0
DA:223,0
DA:224,0
DA:229,0
DA:231,0
DA:232,0
DA:234,0
DA:235,0
DA:236,0
DA:239,0
LF:72
LH:0
BRDA:17,0,0,0
BRDA:17,0,1,0
BRDA:18,1,0,0
BRDA:18,1,1,0
BRDA:19,2,0,0
BRDA:19,2,1,0
BRDA:20,3,0,0
BRDA:20,3,1,0
BRDA:21,4,0,0
BRDA:21,4,1,0
BRDA:27,5,0,0
BRDA:27,5,1,0
BRDA:28,6,0,0
BRDA:28,6,1,0
BRDA:36,7,0,0
BRDA:36,7,1,0
BRDA:50,8,0,0
BRDA:50,8,1,0
BRDA:63,9,0,0
BRDA:63,9,1,0
BRDA:88,10,0,0
BRDA:88,10,1,0
BRDA:108,11,0,0
BRDA:108,11,1,0
BRDA:133,12,0,0
BRDA:133,12,1,0
BRDA:143,13,0,0
BRDA:143,13,1,0
BRDA:154,14,0,0
BRDA:154,14,1,0
BRDA:189,15,0,0
BRDA:189,15,1,0
BRDA:200,16,0,0
BRDA:200,16,1,0
BRDA:215,17,0,0
BRDA:215,17,1,0
BRDA:232,18,0,0
BRDA:232,18,1,0
BRDA:236,19,0,0
BRDA:236,19,1,0
BRF:40
BRH:0
end_of_record
TN:
SF:app/lib/api/response.ts
FN:3,apiSuccess
FN:7,apiError
FN:14,apiPaginated
FNF:3
FNH:3
FNDA:4,apiSuccess
FNDA:18,apiError
FNDA:4,apiPaginated
DA:1,4
DA:3,4
DA:4,4
DA:7,18
DA:8,18
DA:14,4
DA:18,4
LF:7
LH:7
BRDA:3,0,0,3
BRDA:7,1,0,1
BRDA:9,2,0,18
BRDA:9,2,1,5
BRF:4
BRH:4
end_of_record
TN:
SF:app/lib/api/validate.ts
FN:5,parseBody
FN:18,(anonymous_4)
FN:25,parseSearchParams
FN:32,(anonymous_6)
FNF:4
FNH:4
FNDA:5,parseBody
FNDA:3,(anonymous_4)
FNDA:4,parseSearchParams
FNDA:3,(anonymous_6)
DA:2,1
DA:5,5
DA:10,5
DA:11,5
DA:13,1
DA:16,4
DA:17,4
DA:18,3
DA:19,2
DA:22,2
DA:25,4
DA:29,4
DA:30,4
DA:31,4
DA:32,3
DA:33,2
DA:35,2
LF:17
LH:17
BRDA:17,0,0,2
BRDA:17,0,1,2
BRDA:31,1,0,2
BRDA:31,1,1,2
BRF:4
BRH:4
end_of_record
